<?xml version="1.0" encoding="UTF-8"?>
<!-- Generated by org.testng.reporters.JUnitReportReporter -->
<testsuite hostname="LIN51011710" failures="0" tests="1" name="com.guru99.tests.LoginTest" time="1.972" errors="0" timestamp="18 Sep 2021 17:27:16 GMT">
  <testcase classname="com.guru99.tests.LoginTest" name="verifyUserLoginWithCorrectCredentials" time="1.972"/>
</testsuite> <!-- com.guru99.tests.LoginTest -->
