<?xml version="1.0" encoding="UTF-8"?>
<!-- Generated by org.testng.reporters.JUnitReportReporter -->
<testsuite skipped="0" hostname="DESKTOP-68174K6" name="com.guru99.tests.LoginTest" tests="1" failures="0" timestamp="2021-08-29T15:44:37 IST" time="2.050" errors="0">
  <testcase name="verifyUserLoginWithCorrectCredentials" time="2.050" classname="com.guru99.tests.LoginTest"/>
  <system-out/>
</testsuite> <!-- com.guru99.tests.LoginTest -->
